0 info it worked if it ends with ok
1 verbose cli [ 'C:\\Program Files\\nodejs\\node.exe',
1 verbose cli   'C:\\Users\\SaiRahem\\AppData\\Roaming\\npm\\node_modules\\npm\\bin\\npm-cli.js',
1 verbose cli   'start',
1 verbose cli   'serve' ]
2 info using npm@3.10.6
3 info using node@v7.6.0
4 verbose run-script [ 'prestart', 'start', 'poststart' ]
5 info lifecycle angular-quickstart@1.0.0~prestart: angular-quickstart@1.0.0
6 verbose lifecycle angular-quickstart@1.0.0~prestart: unsafe-perm in lifecycle true
7 verbose lifecycle angular-quickstart@1.0.0~prestart: PATH: C:\Users\SaiRahem\AppData\Roaming\npm\node_modules\npm\bin\node-gyp-bin;D:\MyCode\project\kasarSir\VS\client\node_modules\.bin;C:\Program Files (x86)\PC Connectivity Solution\;C:\Program Files\Common Files\Microsoft Shared\Windows Live;C:\Program Files (x86)\Common Files\Microsoft Shared\Windows Live;c:\Program Files (x86)\AMD APP\bin\x86_64;c:\Program Files (x86)\AMD APP\bin\x86;c:\Program Files (x86)\Intel\iCLS Client\;c:\Program Files\Intel\iCLS Client\;C:\Windows\system32;C:\Windows;C:\Windows\System32\Wbem;C:\Windows\System32\WindowsPowerShell\v1.0\;C:\Program Files\Intel\WiFi\bin\;C:\Program Files\Common Files\Intel\WirelessCommon\;c:\Program Files (x86)\ATI Technologies\ATI.ACE\Core-Static;C:\Program Files (x86)\Windows Live\Shared;C:\Program Files (x86)\Microsoft SQL Server\100\Tools\Binn\;C:\Program Files\Microsoft SQL Server\100\Tools\Binn\;C:\Program Files\Microsoft SQL Server\100\DTS\Binn\;C:\Program Files (x86)\Microsoft SQL Server\100\Tools\Binn\VSShell\Common7\IDE\;C:\Program Files (x86)\Microsoft SQL Server\100\DTS\Binn\;C:\Program Files (x86)\Microsoft ASP.NET\ASP.NET Web Pages\v1.0\;C:\Program Files\TortoiseSVN\bin\;C:\git-tfs;C:\Program Files (x86)\Windows Kits\8.0\Windows Performance Toolkit\;C:\Program Files\Microsoft SQL Server\110\Tools\Binn\;C:\Program Files (x86)\Java\jdk1.6.0_03\;C:\Program Files\Microsoft\Web Platform Installer\;C:\Program Files (x86)\Java\jdk1.6.0_03\bin;%CATALINA_HOME%\bin;C:\mySoft\apache-maven-3.0.4\bin;C:\Users\SaiRahem\AppData\Roaming\npm;C:\Program Files (x86)\Git\bin;C:\Program Files (x86)\Microsoft SDKs\TypeScript\1.0;C:\mySoft\play-2.2.6\;C:\Program Files (x86)\sbt\\bin;C:\mySoft\apache-maven-3.0.4\bin;C:\mySoft\play-2.2.6;C:\mySoft\gradle-2.8\bin;C:\mySoft\tomcat\bin;C:\mySoft\artifactory-3.4.1\bin;%CATALINA_HOME%\bin;C:\Users\SaiRahem\AppData\Roaming\npm;C:\Program Files\nodejs;C:\Program Files\nodejs\;C:\Program Files (x86)\Skype\Phone\;C:\Program Files\MongoDB\Server\3.4\bin;C:\Program Files\Microsoft SQL Server\130\Tools\Binn\;C:\Program Files (x86)\PC Connectivity Solution\;C:\Program Files\Common Files\Microsoft Shared\Windows Live;C:\Program Files (x86)\Common Files\Microsoft Shared\Windows Live;c:\Program Files (x86)\AMD APP\bin\x86_64;c:\Program Files (x86)\AMD APP\bin\x86;c:\Program Files (x86)\Intel\iCLS Client\;c:\Program Files\Intel\iCLS Client\;C:\Windows\system32;C:\Windows;C:\Windows\System32\Wbem;C:\Windows\System32\WindowsPowerShell\v1.0\;C:\Program Files\Intel\WiFi\bin\;C:\Program Files\Common Files\Intel\WirelessCommon\;c:\Program Files (x86)\ATI Technologies\ATI.ACE\Core-Static;C:\Program Files (x86)\Windows Live\Shared;C:\Program Files (x86)\Microsoft SQL Server\100\Tools\Binn\;C:\Program Files\Microsoft SQL Server\100\Tools\Binn\;C:\Program Files\Microsoft SQL Server\100\DTS\Binn\;C:\Program Files (x86)\Microsoft SQL Server\100\Tools\Binn\VSShell\Common7\IDE\;C:\Program Files (x86)\Microsoft SQL Server\100\DTS\Binn\;C:\Program Files (x86)\Microsoft ASP.NET\ASP.NET Web Pages\v1.0\;C:\Program Files\TortoiseSVN\bin\;C:\git-tfs;C:\Program Files\TortoiseSVN\bin;C:\Program Files (x86)\Windows Kits\8.0\Windows Performance Toolkit\;C:\Program Files\Microsoft SQL Server\110\Tools\Binn\;C:\Program Files (x86)\Java\jdk1.6.0_03\;C:\Program Files\Microsoft\Web Platform Installer\;C:\Program Files\Java\jdk1.7.0_67\bin;C:\mySoft\tomcat\bin;C:\mySoft\apache-maven-3.0.4\bin;C:\Users\SaiRahem\AppData\Roaming\npm;C:\Program Files (x86)\Git\bin;C:\Program Files (x86)\Microsoft SDKs\TypeScript\1.0;C:\Program Files (x86)\VisualSVN Server\bin;C:\mySoft\play-2.2.6\;C:\Program Files (x86)\sbt\\bin;C:\mySoft\apache-maven-3.0.4\bin;C:\mySoft\play-2.2.6;C:\mySoft\gradle-2.8\bin;C:\mySoft\tomcat\bin;C:\mySoft\artifactory-3.4.1\bin;C:\mySoft\tomcat\bin;C:\Users\SaiRahem\.dnx\bin;C:\Program Files\Microsoft DNX\Dnvm\;C:\Program Files (x86)\Skype\Phone\;C:\Users\SaiRahem\AppData\Roaming\npm;C:\Program Files\nodejs;C:\Program Files (x86)\Microsoft VS Code\bin
8 verbose lifecycle angular-quickstart@1.0.0~prestart: CWD: D:\MyCode\project\kasarSir\VS\client
9 silly lifecycle angular-quickstart@1.0.0~prestart: Args: [ '/d /s /c', 'npm run build' ]
10 silly lifecycle angular-quickstart@1.0.0~prestart: Returned: code: 1  signal: null
11 info lifecycle angular-quickstart@1.0.0~prestart: Failed to exec prestart script
12 verbose stack Error: angular-quickstart@1.0.0 prestart: `npm run build`
12 verbose stack Exit status 1
12 verbose stack     at EventEmitter.<anonymous> (C:\Users\SaiRahem\AppData\Roaming\npm\node_modules\npm\lib\utils\lifecycle.js:255:16)
12 verbose stack     at emitTwo (events.js:106:13)
12 verbose stack     at EventEmitter.emit (events.js:192:7)
12 verbose stack     at ChildProcess.<anonymous> (C:\Users\SaiRahem\AppData\Roaming\npm\node_modules\npm\lib\utils\spawn.js:40:14)
12 verbose stack     at emitTwo (events.js:106:13)
12 verbose stack     at ChildProcess.emit (events.js:192:7)
12 verbose stack     at maybeClose (internal/child_process.js:890:16)
12 verbose stack     at Process.ChildProcess._handle.onexit (internal/child_process.js:226:5)
13 verbose pkgid angular-quickstart@1.0.0
14 verbose cwd D:\MyCode\project\kasarSir\VS\client
15 error Windows_NT 6.1.7601
16 error argv "C:\\Program Files\\nodejs\\node.exe" "C:\\Users\\SaiRahem\\AppData\\Roaming\\npm\\node_modules\\npm\\bin\\npm-cli.js" "start" "serve"
17 error node v7.6.0
18 error npm  v3.10.6
19 error code ELIFECYCLE
20 error angular-quickstart@1.0.0 prestart: `npm run build`
20 error Exit status 1
21 error Failed at the angular-quickstart@1.0.0 prestart script 'npm run build'.
21 error Make sure you have the latest version of node.js and npm installed.
21 error If you do, this is most likely a problem with the angular-quickstart package,
21 error not with npm itself.
21 error Tell the author that this fails on your system:
21 error     npm run build
21 error You can get information on how to open an issue for this project with:
21 error     npm bugs angular-quickstart
21 error Or if that isn't available, you can get their info via:
21 error     npm owner ls angular-quickstart
21 error There is likely additional logging output above.
22 verbose exit [ 1, true ]
